<?xml version="1.0" encoding="UTF-8"?>
<!-- Generated by org.testng.reporters.JUnitReportReporter -->
<testsuite hostname="inlen8520023665" failures="0" tests="1" name="cucumber.TestNGTestRunner" time="18.090" errors="0" timestamp="2023-02-02T09:37:39 IST" skipped="0">
  <testcase classname="cucumber.TestNGTestRunner" name="runScenario" time="18.090"/>
  <system-out/>
</testsuite> <!-- cucumber.TestNGTestRunner -->
