<?xml version="1.0" encoding="UTF-8"?>
<!-- Generated by org.testng.reporters.JUnitReportReporter -->
<testsuite hostname="inlen8520023665" failures="0" tests="2" name="rahulshettyacademy.Tests.StandAloneTest" time="25.689" errors="0" timestamp="2023-01-30T22:19:39 IST" skipped="0">
  <testcase classname="rahulshettyacademy.Tests.StandAloneTest" name="OrderHistoryTest" time="5.310"/>
  <system-out/>
  <testcase classname="rahulshettyacademy.Tests.StandAloneTest" name="submitOrder" time="20.379"/>
  <system-out/>
</testsuite> <!-- rahulshettyacademy.Tests.StandAloneTest -->
