<?xml version="1.0" encoding="UTF-8"?>
<!-- Generated by org.testng.reporters.JUnitReportReporter -->
<testsuite hostname="inlen8520023665" failures="0" tests="2" name="test.day1" time="0.008" errors="0" timestamp="2023-02-09T10:19:47 IST" skipped="0">
  <testcase classname="test.day1" name="Demo" time="0.007"/>
  <system-out/>
  <testcase classname="test.day1" name="SecondTest" time="0.001"/>
  <system-out/>
</testsuite> <!-- test.day1 -->
