<?xml version="1.0" encoding="UTF-8"?>
<!-- Generated by org.testng.reporters.JUnitReportReporter -->
<testsuite hostname="inlen8520023665" failures="0" tests="3" name="test.day4" time="0.007" errors="0" timestamp="2023-02-07T11:47:18 IST" skipped="0">
  <testcase classname="test.day4" name="LoginAPIHomeLoan" time="0.002"/>
  <system-out/>
  <testcase classname="test.day4" name="WebloginHomeLoan" time="0.001"/>
  <system-out/>
  <testcase classname="test.day4" name="MobileLoginHomeLoan" time="0.004"/>
  <system-out/>
</testsuite> <!-- test.day4 -->
