<?xml version="1.0" encoding="UTF-8"?>
<!-- Generated by org.testng.reporters.JUnitReportReporter -->
<testsuite hostname="inlen8520023665" failures="0" tests="1" name="test.Trial" time="0.008" errors="0" timestamp="2023-02-07T11:46:00 IST" skipped="0">
  <testcase classname="test.Trial" name="display" time="0.008"/>
  <system-out/>
</testsuite> <!-- test.Trial -->
