<?xml version="1.0" encoding="UTF-8"?>
<!-- Generated by org.testng.reporters.JUnitReportReporter -->
<testsuite hostname="inlen8520023665" failures="0" tests="3" name="rahulshettyacademy.Tests.SubmitOrder" time="37.136" errors="0" timestamp="2023-02-02T09:39:19 IST" skipped="0">
  <testcase classname="rahulshettyacademy.Tests.SubmitOrder" name="submitOrder" time="17.370"/>
  <system-out/>
  <testcase classname="rahulshettyacademy.Tests.SubmitOrder" name="submitOrder" time="16.458"/>
  <system-out/>
  <testcase classname="rahulshettyacademy.Tests.SubmitOrder" name="OrderHistoryTest" time="3.308"/>
  <system-out/>
</testsuite> <!-- rahulshettyacademy.Tests.SubmitOrder -->
