<?xml version="1.0" encoding="UTF-8"?>
<!-- Generated by org.testng.reporters.JUnitReportReporter -->
<testsuite hostname="inlen8520023665" failures="0" tests="3" name="rahulshettyacademy.Tests.StandAloneTestJsonParameter" time="55.142" errors="0" timestamp="2023-02-01T15:32:04 IST" skipped="0">
  <testcase classname="rahulshettyacademy.Tests.StandAloneTestJsonParameter" name="submitOrder" time="18.292"/>
  <system-out/>
  <testcase classname="rahulshettyacademy.Tests.StandAloneTestJsonParameter" name="submitOrder" time="33.573"/>
  <system-out/>
  <testcase classname="rahulshettyacademy.Tests.StandAloneTestJsonParameter" name="OrderHistoryTest" time="3.277"/>
  <system-out/>
</testsuite> <!-- rahulshettyacademy.Tests.StandAloneTestJsonParameter -->
