<?xml version="1.0" encoding="UTF-8"?>
<!-- Generated by org.testng.reporters.JUnitReportReporter -->
<testsuite hostname="inlen8520023665" failures="0" tests="1" name="rahulshettyacademy.ExtendReports.ExtendReportDemo" time="19.592" errors="0" timestamp="2023-01-31T11:47:01 IST" skipped="0">
  <testcase classname="rahulshettyacademy.ExtendReports.ExtendReportDemo" name="initialDemo" time="19.592"/>
  <system-out/>
</testsuite> <!-- rahulshettyacademy.ExtendReports.ExtendReportDemo -->
