<?xml version="1.0" encoding="UTF-8"?>
<!-- Generated by org.testng.reporters.JUnitReportReporter -->
<testsuite hostname="inlen8520023665" failures="0" tests="1" name="rahulshettyacademy.ExtendReports.ExtentReportDemo" time="20.066" errors="0" timestamp="2023-01-31T11:59:07 IST" skipped="0">
  <testcase classname="rahulshettyacademy.ExtendReports.ExtentReportDemo" name="initialDemo" time="20.066"/>
  <system-out/>
</testsuite> <!-- rahulshettyacademy.ExtendReports.ExtentReportDemo -->
