<?xml version="1.0" encoding="UTF-8"?>
<!-- Generated by org.testng.reporters.JUnitReportReporter -->
<testsuite hostname="inlen8520023665" failures="0" tests="3" name="rahulshettyacademy.Tests.StandAloneTestJsonParameter" time="52.254" errors="0" timestamp="2023-02-01T12:32:33 IST" skipped="0">
  <testcase classname="rahulshettyacademy.Tests.StandAloneTestJsonParameter" name="OrderHistoryTest" time="3.518"/>
  <system-out/>
  <testcase classname="rahulshettyacademy.Tests.StandAloneTestJsonParameter" name="submitOrder" time="16.116"/>
  <system-out/>
  <testcase classname="rahulshettyacademy.Tests.StandAloneTestJsonParameter" name="submitOrder" time="32.620"/>
  <system-out/>
</testsuite> <!-- rahulshettyacademy.Tests.StandAloneTestJsonParameter -->
