<?xml version="1.0" encoding="UTF-8"?>
<!-- Generated by org.testng.reporters.JUnitReportReporter -->
<testsuite hostname="inlen8520023665" failures="0" tests="3" name="rahulshettyacademy.Tests.StandAloneTestJsonParameter" time="52.843" errors="0" timestamp="2023-02-01T15:01:41 IST" skipped="0">
  <testcase classname="rahulshettyacademy.Tests.StandAloneTestJsonParameter" name="OrderHistoryTest" time="20.868"/>
  <system-out/>
  <testcase classname="rahulshettyacademy.Tests.StandAloneTestJsonParameter" name="submitOrder" time="15.982"/>
  <system-out/>
  <testcase classname="rahulshettyacademy.Tests.StandAloneTestJsonParameter" name="submitOrder" time="15.993"/>
  <system-out/>
</testsuite> <!-- rahulshettyacademy.Tests.StandAloneTestJsonParameter -->
