<?xml version="1.0" encoding="UTF-8"?>
<!-- Generated by org.testng.reporters.JUnitReportReporter -->
<testsuite hostname="inlen8520023665" failures="0" tests="3" name="rahulshettyacademy.Tests.ErrorValidationsTest" time="54.923" errors="0" timestamp="2023-02-01T15:01:41 IST" skipped="1">
  <testcase classname="rahulshettyacademy.Tests.ErrorValidationsTest" name="LoginErrorValidation" time="2.297"/>
  <system-out/>
  <testcase classname="rahulshettyacademy.Tests.ErrorValidationsTest" name="ProductErrorValidation" time="32.864"/>
  <system-out/>
  <testcase classname="rahulshettyacademy.Tests.ErrorValidationsTest" name="ProductErrorValidation" time="19.762">
    <skipped/>
  </testcase> <!-- ProductErrorValidation -->
  <system-out/>
</testsuite> <!-- rahulshettyacademy.Tests.ErrorValidationsTest -->
