<?xml version="1.0" encoding="UTF-8"?>
<!-- Generated by org.testng.reporters.JUnitReportReporter -->
<testsuite hostname="inlen8520023665" failures="0" tests="3" name="rahulshettyacademy.Tests.StandAloneTest" time="54.400" errors="0" timestamp="2023-01-31T10:18:10 IST" skipped="0">
  <testcase classname="rahulshettyacademy.Tests.StandAloneTest" name="submitOrder" time="33.729"/>
  <system-out/>
  <testcase classname="rahulshettyacademy.Tests.StandAloneTest" name="submitOrder" time="16.483"/>
  <system-out/>
  <testcase classname="rahulshettyacademy.Tests.StandAloneTest" name="OrderHistoryTest" time="4.188"/>
  <system-out/>
</testsuite> <!-- rahulshettyacademy.Tests.StandAloneTest -->
