<?xml version="1.0" encoding="UTF-8"?>
<!-- Generated by org.testng.reporters.JUnitReportReporter -->
<testsuite hostname="inlen8520023665" failures="0" tests="2" name="rahulshettyacademy.Tests.ErrorValidationsTest" time="33.991" errors="0" timestamp="2023-01-31T10:18:10 IST" skipped="0">
  <testcase classname="rahulshettyacademy.Tests.ErrorValidationsTest" name="LoginErrorValidation" time="2.642"/>
  <system-out/>
  <testcase classname="rahulshettyacademy.Tests.ErrorValidationsTest" name="ProductErrorValidation" time="31.349"/>
  <system-out/>
</testsuite> <!-- rahulshettyacademy.Tests.ErrorValidationsTest -->
