<?xml version="1.0" encoding="UTF-8"?>
<!-- Generated by org.testng.reporters.JUnitReportReporter -->
<testsuite hostname="inlen8520023665" failures="0" tests="3" name="rahulshettyacademy.Tests.StandAloneTestJsonParameter" time="70.756" errors="0" timestamp="2023-01-31T10:18:10 IST" skipped="0">
  <testcase classname="rahulshettyacademy.Tests.StandAloneTestJsonParameter" name="OrderHistoryTest" time="3.429"/>
  <system-out/>
  <testcase classname="rahulshettyacademy.Tests.StandAloneTestJsonParameter" name="submitOrder" time="33.698"/>
  <system-out/>
  <testcase classname="rahulshettyacademy.Tests.StandAloneTestJsonParameter" name="submitOrder" time="33.629"/>
  <system-out/>
</testsuite> <!-- rahulshettyacademy.Tests.StandAloneTestJsonParameter -->
